<?xml version="1.0" encoding="UTF-8"?>
<!-- Generated by org.testng.reporters.JUnitReportReporter -->
<testsuite hostname="LAPTOP-SK26IGOR" failures="0" tests="1" name="MyProject.TestCases.TestCasesForWeb.ValidLoginCredentials" time="5.543" errors="0" timestamp="2021-05-28T21:37:47 IST" skipped="0">
  <testcase classname="MyProject.TestCases.TestCasesForWeb.ValidLoginCredentials" name="TestLoginWithValidCrdentials" time="5.543"/>
  <system-out/>
</testsuite> <!-- MyProject.TestCases.TestCasesForWeb.ValidLoginCredentials -->
