<?xml version="1.0" encoding="UTF-8"?>
<!-- Generated by org.testng.reporters.JUnitReportReporter -->
<testsuite hostname="LAPTOP-SK26IGOR" failures="0" tests="4" name="MyProject.TestCases.TestCasesForWeb.InvalidLoginTestCases" time="1.454" errors="0" timestamp="2021-05-28T21:37:47 IST" skipped="0">
  <testcase classname="MyProject.TestCases.TestCasesForWeb.InvalidLoginTestCases" name="TestLoginWithInValidCrdentials" time="0.824"/>
  <system-out/>
  <testcase classname="MyProject.TestCases.TestCasesForWeb.InvalidLoginTestCases" name="TestLoginWithInValidCrdentials" time="0.179"/>
  <system-out/>
  <testcase classname="MyProject.TestCases.TestCasesForWeb.InvalidLoginTestCases" name="TestLoginWithInValidCrdentials" time="0.253"/>
  <system-out/>
  <testcase classname="MyProject.TestCases.TestCasesForWeb.InvalidLoginTestCases" name="TestLoginWithInValidCrdentials" time="0.198"/>
  <system-out/>
</testsuite> <!-- MyProject.TestCases.TestCasesForWeb.InvalidLoginTestCases -->
