<?xml version="1.0" encoding="UTF-8"?>
<!-- Generated by org.testng.reporters.JUnitReportReporter -->
<testsuite hostname="LAPTOP-SK26IGOR" failures="0" tests="4" name="MyProject.TestCases.TestCasesForWeb.InvalidLoginTestCases" time="1.583" errors="0" timestamp="2021-05-28T22:20:33 IST" skipped="0">
  <testcase classname="MyProject.TestCases.TestCasesForWeb.InvalidLoginTestCases" name="TestLoginWithInValidCrdentials" time="0.950"/>
  <system-out/>
  <testcase classname="MyProject.TestCases.TestCasesForWeb.InvalidLoginTestCases" name="TestLoginWithInValidCrdentials" time="0.166"/>
  <system-out/>
  <testcase classname="MyProject.TestCases.TestCasesForWeb.InvalidLoginTestCases" name="TestLoginWithInValidCrdentials" time="0.273"/>
  <system-out/>
  <testcase classname="MyProject.TestCases.TestCasesForWeb.InvalidLoginTestCases" name="TestLoginWithInValidCrdentials" time="0.194"/>
  <system-out/>
</testsuite> <!-- MyProject.TestCases.TestCasesForWeb.InvalidLoginTestCases -->
